-------------------------------------------------------------------------------
Test set: com.netcracker.eductr.tasks.tests.T5_ArrayTaskListEqualsTest
-------------------------------------------------------------------------------
Tests run: 6, Failures: 3, Errors: 0, Skipped: 0, Time elapsed: 0.005 s <<< FAILURE! - in com.netcracker.eductr.tasks.tests.T5_ArrayTaskListEqualsTest
com.netcracker.eductr.tasks.tests.T5_ArrayTaskListEqualsTest.part2_testEquals  Time elapsed: 0 s  <<< FAILURE!
java.lang.AssertionError: Об'єкти мають бути рівні: [] та []
	at com.netcracker.eductr.tasks.tests.T5_ArrayTaskListEqualsTest.part2_testEquals(T5_ArrayTaskListEqualsTest.java:34)

com.netcracker.eductr.tasks.tests.T5_ArrayTaskListEqualsTest.part3_testEqualsChanged  Time elapsed: 0.003 s  <<< FAILURE!
java.lang.AssertionError: Об'єкти мають бути рівні: [Task{title:'A',time:10,startTime:10,endTime:10,repeatInterval:0,active:false},Task{title:'A',time:10,startTime:10,endTime:10,repeatInterval:0,active:false},Task{title:'A',time:10,startTime:10,endTime:10,repeatInterval:0,active:false},Task{title:'A',time:10,startTime:10,endTime:10,repeatInterval:0,active:false},Task{title:'A',time:10,startTime:10,endTime:10,repeatInterval:0,active:false},Task{title:'A',time:10,startTime:10,endTime:10,repeatInterval:0,active:false},Task{title:'A',time:10,startTime:10,endTime:10,repeatInterval:0,active:false},Task{title:'A',time:10,startTime:10,endTime:10,repeatInterval:0,active:false},Task{title:'A',time:10,startTime:10,endTime:10,repeatInterval:0,active:false},Task{title:'A',time:10,startTime:10,endTime:10,repeatInterval:0,active:false}] та [Task{title:'A',time:10,startTime:10,endTime:10,repeatInterval:0,active:false},Task{title:'A',time:10,startTime:10,endTime:10,repeatInterval:0,active:false},Task{title:'A',time:10,startTime:10,endTime:10,repeatInterval:0,active:false},Task{title:'A',time:10,startTime:10,endTime:10,repeatInterval:0,active:false},Task{title:'A',time:10,startTime:10,endTime:10,repeatInterval:0,active:false},Task{title:'A',time:10,startTime:10,endTime:10,repeatInterval:0,active:false},Task{title:'A',time:10,startTime:10,endTime:10,repeatInterval:0,active:false},Task{title:'A',time:10,startTime:10,endTime:10,repeatInterval:0,active:false},Task{title:'A',time:10,startTime:10,endTime:10,repeatInterval:0,active:false},Task{title:'A',time:10,startTime:10,endTime:10,repeatInterval:0,active:false}]
	at com.netcracker.eductr.tasks.tests.T5_ArrayTaskListEqualsTest.part3_testEqualsChanged(T5_ArrayTaskListEqualsTest.java:45)

com.netcracker.eductr.tasks.tests.T5_ArrayTaskListEqualsTest.part6_testHashCode  Time elapsed: 0.001 s  <<< FAILURE!
java.lang.AssertionError: Хеш-коди для [Task{title:'A',time:10,startTime:10,endTime:10,repeatInterval:0,active:false},Task{title:'A',time:10,startTime:10,endTime:10,repeatInterval:0,active:false},Task{title:'A',time:10,startTime:10,endTime:10,repeatInterval:0,active:false},Task{title:'A',time:10,startTime:10,endTime:10,repeatInterval:0,active:false},Task{title:'A',time:10,startTime:10,endTime:10,repeatInterval:0,active:false},Task{title:'A',time:10,startTime:10,endTime:10,repeatInterval:0,active:false},Task{title:'A',time:10,startTime:10,endTime:10,repeatInterval:0,active:false},Task{title:'A',time:10,startTime:10,endTime:10,repeatInterval:0,active:false},Task{title:'A',time:10,startTime:10,endTime:10,repeatInterval:0,active:false},Task{title:'A',time:10,startTime:10,endTime:10,repeatInterval:0,active:false}] (454325163) та [Task{title:'A',time:10,startTime:10,endTime:10,repeatInterval:0,active:false},Task{title:'A',time:10,startTime:10,endTime:10,repeatInterval:0,active:false},Task{title:'A',time:10,startTime:10,endTime:10,repeatInterval:0,active:false},Task{title:'A',time:10,startTime:10,endTime:10,repeatInterval:0,active:false},Task{title:'A',time:10,startTime:10,endTime:10,repeatInterval:0,active:false},Task{title:'A',time:10,startTime:10,endTime:10,repeatInterval:0,active:false},Task{title:'A',time:10,startTime:10,endTime:10,repeatInterval:0,active:false},Task{title:'A',time:10,startTime:10,endTime:10,repeatInterval:0,active:false},Task{title:'A',time:10,startTime:10,endTime:10,repeatInterval:0,active:false},Task{title:'A',time:10,startTime:10,endTime:10,repeatInterval:0,active:false}] (796667727) мають бути рівні
	at com.netcracker.eductr.tasks.tests.T5_ArrayTaskListEqualsTest.part6_testHashCode(T5_ArrayTaskListEqualsTest.java:68)

